#
# There is insufficient memory for the Java Runtime Environment to continue.
# Native memory allocation (mmap) failed to map 532676608 bytes. Error detail: G1 virtual space
# Possible reasons:
#   The system is out of physical RAM or swap space
#   This process is running with CompressedOops enabled, and the Java Heap may be blocking the growth of the native heap
# Possible solutions:
#   Reduce memory load on the system
#   Increase physical memory or swap space
#   Check if swap backing store is full
#   Decrease Java heap size (-Xmx/-Xms)
#   Decrease number of Java threads
#   Decrease Java thread stack sizes (-Xss)
#   Set larger code cache with -XX:ReservedCodeCacheSize=
#   JVM is running with Zero Based Compressed Oops mode in which the Java heap is
#     placed in the first 32GB address space. The Java Heap base address is the
#     maximum limit for the native heap growth. Please use -XX:HeapBaseMinAddress
#     to set the Java Heap base and to place the Java Heap above 32GB virtual address.
# This output file may be truncated or incomplete.
#
#  Out of Memory Error (os_windows.cpp:3613), pid=21696, tid=20740
#
# JRE version:  (17.0.11+9) (build )
# Java VM: OpenJDK 64-Bit Server VM (17.0.11+9, mixed mode, sharing, tiered, compressed oops, compressed class ptrs, g1 gc, windows-amd64)
# No core dump will be written. Minidumps are not enabled by default on client versions of Windows
#

---------------  S U M M A R Y ------------

Command Line: --add-modules=ALL-SYSTEM --add-opens=java.base/java.util=ALL-UNNAMED --add-opens=java.base/java.lang=ALL-UNNAMED --add-opens=java.base/sun.nio.fs=ALL-UNNAMED -Declipse.application=org.eclipse.jdt.ls.core.id1 -Dosgi.bundles.defaultStartLevel=4 -Declipse.product=org.eclipse.jdt.ls.core.product -Djava.import.generatesMetadataFilesAtProjectRoot=false -DDetectVMInstallationsJob.disabled=true -Dfile.encoding=utf8 -Xlog:disable -javaagent:c:\Users\moises.silva\.vscode\extensions\redhat.java-1.31.0-win32-x64\lombok\lombok-1.18.32.jar c:\Users\moises.silva\.vscode\extensions\redhat.java-1.31.0-win32-x64\server\plugins\org.eclipse.equinox.launcher_1.6.800.v20240513-1750.jar -configuration c:\Users\moises.silva\AppData\Roaming\Code\User\globalStorage\redhat.java\1.31.0\config_ss_win -data c:\Users\moises.silva\AppData\Roaming\Code\User\workspaceStorage\3b1fde5d812d62d08dfa7a573de99d72\redhat.java\ss_ws --pipe=\\.\pipe\lsp-d7d8aca3ba230ee2407c7c436a98e8cd-sock

Host: 11th Gen Intel(R) Core(TM) i7-1185G7 @ 3.00GHz, 8 cores, 31G,  Windows 10 , 64 bit Build 19041 (10.0.19041.3636)
Time: Wed Jun 19 16:54:36 2024 Hora estándar oeste, Sudamérica elapsed time: 0.023408 seconds (0d 0h 0m 0s)

---------------  T H R E A D  ---------------

Current thread (0x000001f33b8e4a00):  JavaThread "Unknown thread" [_thread_in_vm, id=20740, stack(0x0000006a8ad00000,0x0000006a8ae00000)]

Stack: [0x0000006a8ad00000,0x0000006a8ae00000]
Native frames: (J=compiled Java code, j=interpreted, Vv=VM code, C=native code)
V  [jvm.dll+0x67d429]
V  [jvm.dll+0x834b7a]
V  [jvm.dll+0x83663e]
V  [jvm.dll+0x836ca3]
V  [jvm.dll+0x247dbf]
V  [jvm.dll+0x67a269]
V  [jvm.dll+0x66ecda]
V  [jvm.dll+0x30797b]
V  [jvm.dll+0x30ee26]
V  [jvm.dll+0x35e80e]
V  [jvm.dll+0x35ea3f]
V  [jvm.dll+0x2de6b8]
V  [jvm.dll+0x2df624]
V  [jvm.dll+0x806531]
V  [jvm.dll+0x36c561]
V  [jvm.dll+0x7e4f56]
V  [jvm.dll+0x3efdcf]
V  [jvm.dll+0x3f1921]
C  [jli.dll+0x528f]
C  [ucrtbase.dll+0x21bb2]
C  [KERNEL32.DLL+0x17344]
C  [ntdll.dll+0x4cc91]


---------------  P R O C E S S  ---------------

Threads class SMR info:
_java_thread_list=0x00007ff98c7eeed8, length=0, elements={
}

Java Threads: ( => current thread )

Other Threads:
  0x000001f33b993c70 GCTaskThread "GC Thread#0" [stack: 0x0000006a8ae00000,0x0000006a8af00000] [id=6272]
  0x000001f360647f80 ConcurrentGCThread "G1 Main Marker" [stack: 0x0000006a8af00000,0x0000006a8b000000] [id=22924]
  0x000001f3606489a0 ConcurrentGCThread "G1 Conc#0" [stack: 0x0000006a8b000000,0x0000006a8b100000] [id=9920]

[error occurred during error reporting (printing all threads), id 0xc0000005, EXCEPTION_ACCESS_VIOLATION (0xc0000005) at pc=0x00007ff98bfaf0f7]

VM state: not at safepoint (not fully initialized)

VM Mutex/Monitor currently owned by a thread:  ([mutex/lock_event])
[0x000001f33b8e15d0] Heap_lock - owner thread: 0x000001f33b8e4a00

Heap address: 0x0000000604400000, size: 8124 MB, Compressed Oops mode: Zero based, Oop shift amount: 3

CDS archive(s) mapped at: [0x0000000000000000-0x0000000000000000-0x0000000000000000), size 0, SharedBaseAddress: 0x0000000800000000, ArchiveRelocationMode: 1.
Narrow klass base: 0x0000000000000000, Narrow klass shift: 0, Narrow klass range: 0x0

GC Precious Log:
<Empty>

Heap:
 garbage-first heap   total 0K, used 0K [0x0000000604400000, 0x0000000800000000)
  region size 4096K, 0 young (0K), 0 survivors (0K)

[error occurred during error reporting (printing heap information), id 0xc0000005, EXCEPTION_ACCESS_VIOLATION (0xc0000005) at pc=0x00007ff98c3970c9]

GC Heap History (0 events):
No events

Dll operation events (1 events):
Event: 0.017 Loaded shared library c:\Users\moises.silva\.vscode\extensions\redhat.java-1.31.0-win32-x64\jre\17.0.11-win32-x86_64\bin\java.dll

Deoptimization events (0 events):
No events

Classes unloaded (0 events):
No events

Classes redefined (0 events):
No events

Internal exceptions (0 events):
No events

VM Operations (0 events):
No events

Events (0 events):
No events


Dynamic libraries:
0x00007ff6c88c0000 - 0x00007ff6c88ce000 	c:\Users\moises.silva\.vscode\extensions\redhat.java-1.31.0-win32-x64\jre\17.0.11-win32-x86_64\bin\java.exe
0x00007ff9db390000 - 0x00007ff9db588000 	C:\Windows\SYSTEM32\ntdll.dll
0x00007ff9dad30000 - 0x00007ff9daded000 	C:\Windows\System32\KERNEL32.DLL
0x00007ff9d9040000 - 0x00007ff9d9336000 	C:\Windows\System32\KERNELBASE.dll
0x00007ff9d8680000 - 0x00007ff9d87cc000 	C:\Windows\system32\hmpalert.dll
0x00007ff9d8c60000 - 0x00007ff9d8d60000 	C:\Windows\System32\ucrtbase.dll
0x00007ff9cedd0000 - 0x00007ff9cedeb000 	c:\Users\moises.silva\.vscode\extensions\redhat.java-1.31.0-win32-x64\jre\17.0.11-win32-x86_64\bin\VCRUNTIME140.dll
0x00007ff9cedb0000 - 0x00007ff9cedc7000 	c:\Users\moises.silva\.vscode\extensions\redhat.java-1.31.0-win32-x64\jre\17.0.11-win32-x86_64\bin\jli.dll
0x00007ff9dab90000 - 0x00007ff9dad2f000 	C:\Windows\System32\USER32.dll
0x00007ff9d8c30000 - 0x00007ff9d8c52000 	C:\Windows\System32\win32u.dll
0x00007ff9da990000 - 0x00007ff9da9bb000 	C:\Windows\System32\GDI32.dll
0x00007ff9d8dd0000 - 0x00007ff9d8ee7000 	C:\Windows\System32\gdi32full.dll
0x00007ff9d8fa0000 - 0x00007ff9d903d000 	C:\Windows\System32\msvcp_win.dll
0x00007ff9c0740000 - 0x00007ff9c09da000 	C:\Windows\WinSxS\amd64_microsoft.windows.common-controls_6595b64144ccf1df_6.0.19041.4355_none_60b8b9eb71f62e16\COMCTL32.dll
0x00007ff9da8f0000 - 0x00007ff9da98e000 	C:\Windows\System32\msvcrt.dll
0x00007ff9d9570000 - 0x00007ff9d959f000 	C:\Windows\System32\IMM32.DLL
0x00007ff9d1f10000 - 0x00007ff9d1f1c000 	c:\Users\moises.silva\.vscode\extensions\redhat.java-1.31.0-win32-x64\jre\17.0.11-win32-x86_64\bin\vcruntime140_1.dll
0x00007ff9ac4c0000 - 0x00007ff9ac54d000 	c:\Users\moises.silva\.vscode\extensions\redhat.java-1.31.0-win32-x64\jre\17.0.11-win32-x86_64\bin\msvcp140.dll
0x00007ff98bcc0000 - 0x00007ff98c922000 	c:\Users\moises.silva\.vscode\extensions\redhat.java-1.31.0-win32-x64\jre\17.0.11-win32-x86_64\bin\server\jvm.dll
0x00007ff9daa20000 - 0x00007ff9daad0000 	C:\Windows\System32\ADVAPI32.dll
0x00007ff9daaf0000 - 0x00007ff9dab90000 	C:\Windows\System32\sechost.dll
0x00007ff9da380000 - 0x00007ff9da4a3000 	C:\Windows\System32\RPCRT4.dll
0x00007ff9d8c00000 - 0x00007ff9d8c27000 	C:\Windows\System32\bcrypt.dll
0x00007ff9d7df0000 - 0x00007ff9d7e3b000 	C:\Windows\SYSTEM32\POWRPROF.dll
0x00007ff9aebd0000 - 0x00007ff9aebd9000 	C:\Windows\SYSTEM32\WSOCK32.dll
0x00007ff9da5c0000 - 0x00007ff9da62b000 	C:\Windows\System32\WS2_32.dll
0x00007ff9c7570000 - 0x00007ff9c7597000 	C:\Windows\SYSTEM32\WINMM.dll
0x00007ff9d0760000 - 0x00007ff9d076a000 	C:\Windows\SYSTEM32\VERSION.dll
0x00007ff9d7cb0000 - 0x00007ff9d7cc2000 	C:\Windows\SYSTEM32\UMPDC.dll
0x00007ff9d6f10000 - 0x00007ff9d6f22000 	C:\Windows\SYSTEM32\kernel.appcore.dll
0x00007ff9ceb60000 - 0x00007ff9ceb6a000 	c:\Users\moises.silva\.vscode\extensions\redhat.java-1.31.0-win32-x64\jre\17.0.11-win32-x86_64\bin\jimage.dll
0x00007ff9d63e0000 - 0x00007ff9d65c4000 	C:\Windows\SYSTEM32\DBGHELP.DLL
0x00007ff9cd360000 - 0x00007ff9cd394000 	C:\Windows\SYSTEM32\dbgcore.DLL
0x00007ff9d9340000 - 0x00007ff9d93c2000 	C:\Windows\System32\bcryptPrimitives.dll
0x00007ff9cdf00000 - 0x00007ff9cdf0e000 	c:\Users\moises.silva\.vscode\extensions\redhat.java-1.31.0-win32-x64\jre\17.0.11-win32-x86_64\bin\instrument.dll
0x00007ff9c12f0000 - 0x00007ff9c1315000 	c:\Users\moises.silva\.vscode\extensions\redhat.java-1.31.0-win32-x64\jre\17.0.11-win32-x86_64\bin\java.dll

dbghelp: loaded successfully - version: 4.0.5 - missing functions: none
symbol engine: initialized successfully - sym options: 0x614 - pdb path: .;c:\Users\moises.silva\.vscode\extensions\redhat.java-1.31.0-win32-x64\jre\17.0.11-win32-x86_64\bin;C:\Windows\SYSTEM32;C:\Windows\WinSxS\amd64_microsoft.windows.common-controls_6595b64144ccf1df_6.0.19041.4355_none_60b8b9eb71f62e16;c:\Users\moises.silva\.vscode\extensions\redhat.java-1.31.0-win32-x64\jre\17.0.11-win32-x86_64\bin\server

VM Arguments:
jvm_args: --add-modules=ALL-SYSTEM --add-opens=java.base/java.util=ALL-UNNAMED --add-opens=java.base/java.lang=ALL-UNNAMED --add-opens=java.base/sun.nio.fs=ALL-UNNAMED -Declipse.application=org.eclipse.jdt.ls.core.id1 -Dosgi.bundles.defaultStartLevel=4 -Declipse.product=org.eclipse.jdt.ls.core.product -Djava.import.generatesMetadataFilesAtProjectRoot=false -DDetectVMInstallationsJob.disabled=true -Dfile.encoding=utf8 -Xlog:disable -javaagent:c:\Users\moises.silva\.vscode\extensions\redhat.java-1.31.0-win32-x64\lombok\lombok-1.18.32.jar 
java_command: c:\Users\moises.silva\.vscode\extensions\redhat.java-1.31.0-win32-x64\server\plugins\org.eclipse.equinox.launcher_1.6.800.v20240513-1750.jar -configuration c:\Users\moises.silva\AppData\Roaming\Code\User\globalStorage\redhat.java\1.31.0\config_ss_win -data c:\Users\moises.silva\AppData\Roaming\Code\User\workspaceStorage\3b1fde5d812d62d08dfa7a573de99d72\redhat.java\ss_ws --pipe=\\.\pipe\lsp-d7d8aca3ba230ee2407c7c436a98e8cd-sock
java_class_path (initial): c:\Users\moises.silva\.vscode\extensions\redhat.java-1.31.0-win32-x64\server\plugins\org.eclipse.equinox.launcher_1.6.800.v20240513-1750.jar
Launcher Type: SUN_STANDARD

[Global flags]
     intx CICompilerCount                          = 4                                         {product} {ergonomic}
     uint ConcGCThreads                            = 2                                         {product} {ergonomic}
     uint G1ConcRefinementThreads                  = 8                                         {product} {ergonomic}
   size_t G1HeapRegionSize                         = 4194304                                   {product} {ergonomic}
    uintx GCDrainStackTargetSize                   = 64                                        {product} {ergonomic}
   size_t InitialHeapSize                          = 532676608                                 {product} {ergonomic}
   size_t MarkStackSize                            = 4194304                                   {product} {ergonomic}
   size_t MaxHeapSize                              = 8518631424                                {product} {ergonomic}
   size_t MinHeapDeltaBytes                        = 4194304                                   {product} {ergonomic}
   size_t MinHeapSize                              = 8388608                                   {product} {ergonomic}
    uintx NonNMethodCodeHeapSize                   = 5839372                                {pd product} {ergonomic}
    uintx NonProfiledCodeHeapSize                  = 122909434                              {pd product} {ergonomic}
    uintx ProfiledCodeHeapSize                     = 122909434                              {pd product} {ergonomic}
    uintx ReservedCodeCacheSize                    = 251658240                              {pd product} {ergonomic}
     bool SegmentedCodeCache                       = true                                      {product} {ergonomic}
   size_t SoftMaxHeapSize                          = 8518631424                             {manageable} {ergonomic}
     bool UseCompressedClassPointers               = true                           {product lp64_product} {ergonomic}
     bool UseCompressedOops                        = true                           {product lp64_product} {ergonomic}
     bool UseG1GC                                  = true                                      {product} {ergonomic}
     bool UseLargePagesIndividualAllocation        = false                                  {pd product} {ergonomic}

Logging:
Log output configuration:
 #0: stdout all=off uptime,level,tags
 #1: stderr all=off uptime,level,tags

Environment Variables:
JAVA_HOME=C:\Program Files\Java\jdk-17
PATH=C:\ProgramData\Anaconda3;C:\ProgramData\Anaconda3\Library\mingw-w64\bin;C:\ProgramData\Anaconda3\Library\usr\bin;C:\ProgramData\Anaconda3\Library\bin;C:\ProgramData\Anaconda3\Scripts;C:\Program Files (x86)\VMware\VMware Workstation\bin\;C:\Windows\system32;C:\Windows;C:\Windows\System32\Wbem;C:\Windows\System32\WindowsPowerShell\v1.0\;C:\Program Files (x86)\Kaspersky Lab\Endpoint Agent\;C:\Program Files\Git\cmd;C:\Program Files\dotnet\;C:\Program Files\PuTTY\;C:\Program Files\Microsoft SQL Server\Client SDK\ODBC\170\Tools\Binn\;C:\Program Files\Microsoft SQL Server\150\Tools\Binn\;C:\Program Files (x86)\Sennheiser\SenncomSDK\;C:\ProgramData\chocolatey\bin;C:\Users\moises.silva\Documents\Proyectos Moviles\flutter\bin;C:\Program Files\nodejs\;C:\Users\moises.silva\AppData\Local\Pub\Cache\bin;C:\Program Files\Docker\Docker\resources\bin;C:\Program Files\Java\jdk-17\bin;C:\Program Files\MySQL\MySQL Shell 8.0\bin\;C:\Users\moises.silva\bin\Sencha\Cmd;C:\Users\moises.silva\AppData\Local\Microsoft\WindowsApps;C:\Users\moises.silva\AppData\Local\Programs\Microsoft VS Code\bin;C:\Users\moises.silva\.dotnet\tools;C:\tools\dart-sdk\bin;C:\Users\moises.silva\AppData\Roaming\Pub\Cache\bin;C:\Users\moises.silva\AppData\Roaming\npm;C:\Users\moises.silva\.shorebird\bin;
USERNAME=moises.silva
OS=Windows_NT
PROCESSOR_IDENTIFIER=Intel64 Family 6 Model 140 Stepping 1, GenuineIntel
TMP=C:\Users\MOISES~1.SIL\AppData\Local\Temp
TEMP=C:\Users\MOISES~1.SIL\AppData\Local\Temp



Periodic native trim disabled


---------------  S Y S T E M  ---------------

OS:
 Windows 10 , 64 bit Build 19041 (10.0.19041.3636)
OS uptime: 2 days 0:37 hours
Hyper-V role detected

CPU: total 8 (initial active 8) (4 cores per cpu, 2 threads per core) family 6 model 140 stepping 1 microcode 0xb4, cx8, cmov, fxsr, ht, mmx, 3dnowpref, sse, sse2, sse3, ssse3, sse4.1, sse4.2, popcnt, lzcnt, tsc, tscinvbit, avx, avx2, aes, erms, clmul, bmi1, bmi2, adx, avx512f, avx512dq, avx512cd, avx512bw, avx512vl, sha, fma, vzeroupper, avx512_vpopcntdq, avx512_vpclmulqdq, avx512_vaes, avx512_vnni, clflush, clflushopt, clwb, avx512_vbmi2, avx512_vbmi, hv
Processor Information for all 8 processors :
  Max Mhz: 1805, Current Mhz: 1805, Mhz Limit: 1805

Memory: 4k page, system-wide physical 32490M (4077M free)
TotalPageFile size 32490M (AvailPageFile size 270M)
current process WorkingSet (physical memory assigned to process): 11M, peak: 11M
current process commit charge ("private bytes"): 62M, peak: 570M

vm_info: OpenJDK 64-Bit Server VM (17.0.11+9) for windows-amd64 JRE (17.0.11+9), built on Apr 17 2024 06:07:48 by "admin" with MS VC++ 16.10 / 16.11 (VS2019)

END.
